#
# There is insufficient memory for the Java Runtime Environment to continue.
# Native memory allocation (malloc) failed to allocate 2095824 bytes. Error detail: Chunk::new
# Possible reasons:
#   The system is out of physical RAM or swap space
#   This process is running with CompressedOops enabled, and the Java Heap may be blocking the growth of the native heap
# Possible solutions:
#   Reduce memory load on the system
#   Increase physical memory or swap space
#   Check if swap backing store is full
#   Decrease Java heap size (-Xmx/-Xms)
#   Decrease number of Java threads
#   Decrease Java thread stack sizes (-Xss)
#   Set larger code cache with -XX:ReservedCodeCacheSize=
#   JVM is running with Zero Based Compressed Oops mode in which the Java heap is
#     placed in the first 32GB address space. The Java Heap base address is the
#     maximum limit for the native heap growth. Please use -XX:HeapBaseMinAddress
#     to set the Java Heap base and to place the Java Heap above 32GB virtual address.
# This output file may be truncated or incomplete.
#
#  Out of Memory Error (arena.cpp:168), pid=18576, tid=37736
#
# JRE version: OpenJDK Runtime Environment Temurin-21.0.8+9 (21.0.8+9) (build 21.0.8+9-LTS)
# Java VM: OpenJDK 64-Bit Server VM Temurin-21.0.8+9 (21.0.8+9-LTS, mixed mode, sharing, tiered, compressed oops, compressed class ptrs, g1 gc, windows-amd64)
# No core dump will be written. Minidumps are not enabled by default on client versions of Windows
#

---------------  S U M M A R Y ------------

Command Line: --add-opens=java.base/java.lang=ALL-UNNAMED --add-opens=java.base/java.lang.invoke=ALL-UNNAMED --add-opens=java.base/java.util=ALL-UNNAMED --add-opens=java.prefs/java.util.prefs=ALL-UNNAMED --add-exports=jdk.compiler/com.sun.tools.javac.api=ALL-UNNAMED --add-exports=jdk.compiler/com.sun.tools.javac.util=ALL-UNNAMED --add-opens=java.base/java.util=ALL-UNNAMED --add-opens=java.prefs/java.util.prefs=ALL-UNNAMED --add-opens=java.base/java.nio.charset=ALL-UNNAMED --add-opens=java.base/java.net=ALL-UNNAMED --add-opens=java.base/java.util.concurrent.atomic=ALL-UNNAMED --add-opens=java.xml/javax.xml.namespace=ALL-UNNAMED -Xmx3G -Dfile.encoding=UTF-8 -Duser.country=RU -Duser.language=ru -Duser.variant -javaagent:D:\Android_SDK_HOME\.gradle\wrapper\dists\gradle-8.12-bin\cetblhg4pflnnks72fxwobvgv\gradle-8.12\lib\agents\gradle-instrumentation-agent-8.12.jar org.gradle.launcher.daemon.bootstrap.GradleDaemon 8.12

Host: 12th Gen Intel(R) Core(TM) i7-12700H, 20 cores, 15G,  Windows 11 , 64 bit Build 26100 (10.0.26100.5074)
Time: Sat Sep 27 16:37:23 2025 elapsed time: 5.572838 seconds (0d 0h 0m 5s)

---------------  T H R E A D  ---------------

Current thread (0x000002aa17c1e080):  JavaThread "C2 CompilerThread2" daemon [_thread_in_native, id=37736, stack(0x000000e7dd900000,0x000000e7dda00000) (1024K)]


Current CompileTask:
C2:5572 2884   !   4       java.lang.ClassLoader::loadClass (121 bytes)

Stack: [0x000000e7dd900000,0x000000e7dda00000]
Native frames: (J=compiled Java code, j=interpreted, Vv=VM code, C=native code)
V  [jvm.dll+0x6d2449]
V  [jvm.dll+0x8ae341]
V  [jvm.dll+0x8b08be]
V  [jvm.dll+0x8b0fa3]
V  [jvm.dll+0x280c96]
V  [jvm.dll+0xc581d]
V  [jvm.dll+0xc5d53]
V  [jvm.dll+0x3b919c]
V  [jvm.dll+0x385315]
V  [jvm.dll+0x38477a]
V  [jvm.dll+0x248ed0]
V  [jvm.dll+0x2484af]
V  [jvm.dll+0x1c89ee]
V  [jvm.dll+0x257d4d]
V  [jvm.dll+0x2562ea]
V  [jvm.dll+0x3f2d16]
V  [jvm.dll+0x857e6b]
V  [jvm.dll+0x6d0b0d]
C  [ucrtbase.dll+0x37b0]
C  [KERNEL32.DLL+0x2e8d7]
C  [ntdll.dll+0x8d9c]


---------------  P R O C E S S  ---------------

Threads class SMR info:
_java_thread_list=0x000002aa5e81d290, length=27, elements={
0x000002aa789d6be0, 0x000002aa17a2fe80, 0x000002aa17a309d0, 0x000002aa17a36f80,
0x000002aa17a57fd0, 0x000002aa17a5a090, 0x000002aa17a78310, 0x000002aa17a5d900,
0x000002aa17a5e670, 0x000002aa17bfc0c0, 0x000002aa17c07750, 0x000002aa17c1aba0,
0x000002aa17c1e080, 0x000002aa17da60f0, 0x000002aa5e85d420, 0x000002aa5e900a10,
0x000002aa5ea18030, 0x000002aa5e7769f0, 0x000002aa5e8cfb30, 0x000002aa5e95da20,
0x000002aa5e969550, 0x000002aa5e9707d0, 0x000002aa5e96e700, 0x000002aa5e96ed90,
0x000002aa5e96fab0, 0x000002aa5e96f420, 0x000002aa5e96d9e0
}

Java Threads: ( => current thread )
  0x000002aa789d6be0 JavaThread "main"                              [_thread_blocked, id=36516, stack(0x000000e7dc400000,0x000000e7dc500000) (1024K)]
  0x000002aa17a2fe80 JavaThread "Reference Handler"          daemon [_thread_blocked, id=32204, stack(0x000000e7dcc00000,0x000000e7dcd00000) (1024K)]
  0x000002aa17a309d0 JavaThread "Finalizer"                  daemon [_thread_blocked, id=13096, stack(0x000000e7dcd00000,0x000000e7dce00000) (1024K)]
  0x000002aa17a36f80 JavaThread "Signal Dispatcher"          daemon [_thread_blocked, id=35452, stack(0x000000e7dce00000,0x000000e7dcf00000) (1024K)]
  0x000002aa17a57fd0 JavaThread "Attach Listener"            daemon [_thread_blocked, id=32344, stack(0x000000e7dcf00000,0x000000e7dd000000) (1024K)]
  0x000002aa17a5a090 JavaThread "Service Thread"             daemon [_thread_blocked, id=37476, stack(0x000000e7dd000000,0x000000e7dd100000) (1024K)]
  0x000002aa17a78310 JavaThread "Monitor Deflation Thread"   daemon [_thread_blocked, id=39588, stack(0x000000e7dd100000,0x000000e7dd200000) (1024K)]
  0x000002aa17a5d900 JavaThread "C2 CompilerThread0"         daemon [_thread_in_native, id=16244, stack(0x000000e7dd200000,0x000000e7dd300000) (1024K)]
  0x000002aa17a5e670 JavaThread "C1 CompilerThread0"         daemon [_thread_blocked, id=3808, stack(0x000000e7dd300000,0x000000e7dd400000) (1024K)]
  0x000002aa17bfc0c0 JavaThread "Common-Cleaner"             daemon [_thread_blocked, id=25220, stack(0x000000e7dd400000,0x000000e7dd500000) (1024K)]
  0x000002aa17c07750 JavaThread "C1 CompilerThread1"         daemon [_thread_blocked, id=17932, stack(0x000000e7dd500000,0x000000e7dd600000) (1024K)]
  0x000002aa17c1aba0 JavaThread "C2 CompilerThread1"         daemon [_thread_blocked, id=19624, stack(0x000000e7dd800000,0x000000e7dd900000) (1024K)]
=>0x000002aa17c1e080 JavaThread "C2 CompilerThread2"         daemon [_thread_in_native, id=37736, stack(0x000000e7dd900000,0x000000e7dda00000) (1024K)]
  0x000002aa17da60f0 JavaThread "Notification Thread"        daemon [_thread_blocked, id=19132, stack(0x000000e7dda00000,0x000000e7ddb00000) (1024K)]
  0x000002aa5e85d420 JavaThread "Daemon health stats"               [_thread_blocked, id=38184, stack(0x000000e7de000000,0x000000e7de100000) (1024K)]
  0x000002aa5e900a10 JavaThread "Incoming local TCP Connector on port 50194"        [_thread_in_native, id=42800, stack(0x000000e7de500000,0x000000e7de600000) (1024K)]
  0x000002aa5ea18030 JavaThread "Daemon periodic checks"            [_thread_blocked, id=40456, stack(0x000000e7de600000,0x000000e7de700000) (1024K)]
  0x000002aa5e7769f0 JavaThread "Daemon"                            [_thread_blocked, id=42680, stack(0x000000e7de700000,0x000000e7de800000) (1024K)]
  0x000002aa5e8cfb30 JavaThread "Handler for socket connection from /127.0.0.1:50194 to /127.0.0.1:50195"        [_thread_in_native, id=13704, stack(0x000000e7de800000,0x000000e7de900000) (1024K)]
  0x000002aa5e95da20 JavaThread "Cancel handler"                    [_thread_blocked, id=22364, stack(0x000000e7de900000,0x000000e7dea00000) (1024K)]
  0x000002aa5e969550 JavaThread "Daemon worker"                     [_thread_in_vm, id=15276, stack(0x000000e7dea00000,0x000000e7deb00000) (1024K)]
  0x000002aa5e9707d0 JavaThread "Asynchronous log dispatcher for DefaultDaemonConnection: socket connection from /127.0.0.1:50194 to /127.0.0.1:50195"        [_thread_blocked, id=25900, stack(0x000000e7deb00000,0x000000e7dec00000) (1024K)]
  0x000002aa5e96e700 JavaThread "Stdin handler"                     [_thread_blocked, id=38600, stack(0x000000e7dec00000,0x000000e7ded00000) (1024K)]
  0x000002aa5e96ed90 JavaThread "Daemon client event forwarder"        [_thread_blocked, id=7948, stack(0x000000e7ded00000,0x000000e7dee00000) (1024K)]
  0x000002aa5e96fab0 JavaThread "Cache worker for journal cache (D:\Android_SDK_HOME\.gradle\caches\journal-1)"        [_thread_blocked, id=20292, stack(0x000000e7dee00000,0x000000e7def00000) (1024K)]
  0x000002aa5e96f420 JavaThread "File lock request listener"        [_thread_in_native, id=44892, stack(0x000000e7def00000,0x000000e7df000000) (1024K)]
  0x000002aa5e96d9e0 JavaThread "Cache worker for file hash cache (D:\Android_SDK_HOME\.gradle\caches\8.12\fileHashes)"        [_thread_blocked, id=32944, stack(0x000000e7df000000,0x000000e7df100000) (1024K)]
Total: 27

Other Threads:
  0x000002aa17a126c0 VMThread "VM Thread"                           [id=45652, stack(0x000000e7dcb00000,0x000000e7dcc00000) (1024K)]
  0x000002aa17a01110 WatcherThread "VM Periodic Task Thread"        [id=30732, stack(0x000000e7dca00000,0x000000e7dcb00000) (1024K)]
  0x000002aa78a2f9e0 WorkerThread "GC Thread#0"                     [id=36676, stack(0x000000e7dc500000,0x000000e7dc600000) (1024K)]
  0x000002aa17e425c0 WorkerThread "GC Thread#1"                     [id=40940, stack(0x000000e7ddb00000,0x000000e7ddc00000) (1024K)]
  0x000002aa5d022080 WorkerThread "GC Thread#2"                     [id=44464, stack(0x000000e7ddc00000,0x000000e7ddd00000) (1024K)]
  0x000002aa5d022420 WorkerThread "GC Thread#3"                     [id=28548, stack(0x000000e7ddd00000,0x000000e7dde00000) (1024K)]
  0x000002aa5d0227c0 WorkerThread "GC Thread#4"                     [id=21828, stack(0x000000e7dde00000,0x000000e7ddf00000) (1024K)]
  0x000002aa5d022b60 WorkerThread "GC Thread#5"                     [id=32488, stack(0x000000e7ddf00000,0x000000e7de000000) (1024K)]
  0x000002aa5e74aef0 WorkerThread "GC Thread#6"                     [id=37072, stack(0x000000e7de100000,0x000000e7de200000) (1024K)]
  0x000002aa5e749cd0 WorkerThread "GC Thread#7"                     [id=38388, stack(0x000000e7de200000,0x000000e7de300000) (1024K)]
  0x000002aa5e74b630 WorkerThread "GC Thread#8"                     [id=7928, stack(0x000000e7de300000,0x000000e7de400000) (1024K)]
  0x000002aa5e74a070 WorkerThread "GC Thread#9"                     [id=11824, stack(0x000000e7de400000,0x000000e7de500000) (1024K)]
  0x000002aa766fcfb0 ConcurrentGCThread "G1 Main Marker"            [id=26764, stack(0x000000e7dc600000,0x000000e7dc700000) (1024K)]
  0x000002aa766fe840 WorkerThread "G1 Conc#0"                       [id=24248, stack(0x000000e7dc700000,0x000000e7dc800000) (1024K)]
  0x000002aa178d6610 ConcurrentGCThread "G1 Refine#0"               [id=21348, stack(0x000000e7dc800000,0x000000e7dc900000) (1024K)]
  0x000002aa178d8340 ConcurrentGCThread "G1 Service"                [id=39320, stack(0x000000e7dc900000,0x000000e7dca00000) (1024K)]
Total: 16

Threads with active compile tasks:
C2 CompilerThread0  5596 2920       4       java.lang.invoke.MethodType::makeImpl (109 bytes)
C2 CompilerThread2  5596 2884   !   4       java.lang.ClassLoader::loadClass (121 bytes)
Total: 2

VM state: not at safepoint (normal execution)

VM Mutex/Monitor currently owned by a thread: None

Heap address: 0x0000000740000000, size: 3072 MB, Compressed Oops mode: Zero based, Oop shift amount: 3

CDS archive(s) mapped at: [0x000002aa18000000-0x000002aa18c80000-0x000002aa18c80000), size 13107200, SharedBaseAddress: 0x000002aa18000000, ArchiveRelocationMode: 1.
Compressed class space mapped at: 0x000002aa19000000-0x000002aa59000000, reserved size: 1073741824
Narrow klass base: 0x000002aa18000000, Narrow klass shift: 0, Narrow klass range: 0x100000000

GC Precious Log:
 CardTable entry size: 512
 Card Set container configuration: InlinePtr #cards 4 size 8 Array Of Cards #cards 16 size 48 Howl #buckets 8 coarsen threshold 3686 Howl Bitmap #cards 512 size 80 coarsen threshold 460 Card regions per heap region 1 cards per card region 4096
 CPUs: 20 total, 20 available
 Memory: 16176M
 Large Page Support: Disabled
 NUMA Support: Disabled
 Compressed Oops: Enabled (Zero based)
 Heap Region Size: 2M
 Heap Min Capacity: 8M
 Heap Initial Capacity: 254M
 Heap Max Capacity: 3G
 Pre-touch: Disabled
 Parallel Workers: 15
 Concurrent Workers: 4
 Concurrent Refinement Workers: 15
 Periodic GC: Disabled

Heap:
 garbage-first heap   total 260096K, used 57989K [0x0000000740000000, 0x0000000800000000)
  region size 2048K, 24 young (49152K), 4 survivors (8192K)
 Metaspace       used 15842K, committed 16256K, reserved 1114112K
  class space    used 2166K, committed 2368K, reserved 1048576K

Heap Regions: E=young(eden), S=young(survivor), O=old, HS=humongous(starts), HC=humongous(continues), CS=collection set, F=free, TAMS=top-at-mark-start, PB=parsable bottom
|   0|0x0000000740000000, 0x0000000740200000, 0x0000000740200000|100%|HS|  |TAMS 0x0000000740000000| PB 0x0000000740000000| Complete 
|   1|0x0000000740200000, 0x0000000740400000, 0x0000000740400000|100%|HC|  |TAMS 0x0000000740200000| PB 0x0000000740200000| Complete 
|   2|0x0000000740400000, 0x0000000740600000, 0x0000000740600000|100%| O|  |TAMS 0x0000000740400000| PB 0x0000000740400000| Untracked 
|   3|0x0000000740600000, 0x0000000740800000, 0x0000000740800000|100%| O|  |TAMS 0x0000000740600000| PB 0x0000000740600000| Untracked 
|   4|0x0000000740800000, 0x0000000740a00000, 0x0000000740a00000|100%| O|  |TAMS 0x0000000740800000| PB 0x0000000740800000| Untracked 
|   5|0x0000000740a00000, 0x0000000740bb8688, 0x0000000740c00000| 86%| O|  |TAMS 0x0000000740a00000| PB 0x0000000740a00000| Untracked 
|   6|0x0000000740c00000, 0x0000000740c00000, 0x0000000740e00000|  0%| F|  |TAMS 0x0000000740c00000| PB 0x0000000740c00000| Untracked 
|   7|0x0000000740e00000, 0x0000000740e00000, 0x0000000741000000|  0%| F|  |TAMS 0x0000000740e00000| PB 0x0000000740e00000| Untracked 
|   8|0x0000000741000000, 0x0000000741000000, 0x0000000741200000|  0%| F|  |TAMS 0x0000000741000000| PB 0x0000000741000000| Untracked 
|   9|0x0000000741200000, 0x0000000741200000, 0x0000000741400000|  0%| F|  |TAMS 0x0000000741200000| PB 0x0000000741200000| Untracked 
|  10|0x0000000741400000, 0x0000000741400000, 0x0000000741600000|  0%| F|  |TAMS 0x0000000741400000| PB 0x0000000741400000| Untracked 
|  11|0x0000000741600000, 0x0000000741600000, 0x0000000741800000|  0%| F|  |TAMS 0x0000000741600000| PB 0x0000000741600000| Untracked 
|  12|0x0000000741800000, 0x0000000741800000, 0x0000000741a00000|  0%| F|  |TAMS 0x0000000741800000| PB 0x0000000741800000| Untracked 
|  13|0x0000000741a00000, 0x0000000741a00000, 0x0000000741c00000|  0%| F|  |TAMS 0x0000000741a00000| PB 0x0000000741a00000| Untracked 
|  14|0x0000000741c00000, 0x0000000741c00000, 0x0000000741e00000|  0%| F|  |TAMS 0x0000000741c00000| PB 0x0000000741c00000| Untracked 
|  15|0x0000000741e00000, 0x0000000741e00000, 0x0000000742000000|  0%| F|  |TAMS 0x0000000741e00000| PB 0x0000000741e00000| Untracked 
|  16|0x0000000742000000, 0x0000000742000000, 0x0000000742200000|  0%| F|  |TAMS 0x0000000742000000| PB 0x0000000742000000| Untracked 
|  17|0x0000000742200000, 0x0000000742200000, 0x0000000742400000|  0%| F|  |TAMS 0x0000000742200000| PB 0x0000000742200000| Untracked 
|  18|0x0000000742400000, 0x0000000742400000, 0x0000000742600000|  0%| F|  |TAMS 0x0000000742400000| PB 0x0000000742400000| Untracked 
|  19|0x0000000742600000, 0x0000000742600000, 0x0000000742800000|  0%| F|  |TAMS 0x0000000742600000| PB 0x0000000742600000| Untracked 
|  20|0x0000000742800000, 0x0000000742800000, 0x0000000742a00000|  0%| F|  |TAMS 0x0000000742800000| PB 0x0000000742800000| Untracked 
|  21|0x0000000742a00000, 0x0000000742a00000, 0x0000000742c00000|  0%| F|  |TAMS 0x0000000742a00000| PB 0x0000000742a00000| Untracked 
|  22|0x0000000742c00000, 0x0000000742c00000, 0x0000000742e00000|  0%| F|  |TAMS 0x0000000742c00000| PB 0x0000000742c00000| Untracked 
|  23|0x0000000742e00000, 0x0000000742e00000, 0x0000000743000000|  0%| F|  |TAMS 0x0000000742e00000| PB 0x0000000742e00000| Untracked 
|  24|0x0000000743000000, 0x0000000743000000, 0x0000000743200000|  0%| F|  |TAMS 0x0000000743000000| PB 0x0000000743000000| Untracked 
|  25|0x0000000743200000, 0x0000000743200000, 0x0000000743400000|  0%| F|  |TAMS 0x0000000743200000| PB 0x0000000743200000| Untracked 
|  26|0x0000000743400000, 0x0000000743400000, 0x0000000743600000|  0%| F|  |TAMS 0x0000000743400000| PB 0x0000000743400000| Untracked 
|  27|0x0000000743600000, 0x0000000743600000, 0x0000000743800000|  0%| F|  |TAMS 0x0000000743600000| PB 0x0000000743600000| Untracked 
|  28|0x0000000743800000, 0x0000000743800000, 0x0000000743a00000|  0%| F|  |TAMS 0x0000000743800000| PB 0x0000000743800000| Untracked 
|  29|0x0000000743a00000, 0x0000000743a00000, 0x0000000743c00000|  0%| F|  |TAMS 0x0000000743a00000| PB 0x0000000743a00000| Untracked 
|  30|0x0000000743c00000, 0x0000000743c00000, 0x0000000743e00000|  0%| F|  |TAMS 0x0000000743c00000| PB 0x0000000743c00000| Untracked 
|  31|0x0000000743e00000, 0x0000000743e00000, 0x0000000744000000|  0%| F|  |TAMS 0x0000000743e00000| PB 0x0000000743e00000| Untracked 
|  32|0x0000000744000000, 0x0000000744000000, 0x0000000744200000|  0%| F|  |TAMS 0x0000000744000000| PB 0x0000000744000000| Untracked 
|  33|0x0000000744200000, 0x0000000744200000, 0x0000000744400000|  0%| F|  |TAMS 0x0000000744200000| PB 0x0000000744200000| Untracked 
|  34|0x0000000744400000, 0x0000000744400000, 0x0000000744600000|  0%| F|  |TAMS 0x0000000744400000| PB 0x0000000744400000| Untracked 
|  35|0x0000000744600000, 0x0000000744600000, 0x0000000744800000|  0%| F|  |TAMS 0x0000000744600000| PB 0x0000000744600000| Untracked 
|  36|0x0000000744800000, 0x0000000744800000, 0x0000000744a00000|  0%| F|  |TAMS 0x0000000744800000| PB 0x0000000744800000| Untracked 
|  37|0x0000000744a00000, 0x0000000744a00000, 0x0000000744c00000|  0%| F|  |TAMS 0x0000000744a00000| PB 0x0000000744a00000| Untracked 
|  38|0x0000000744c00000, 0x0000000744c00000, 0x0000000744e00000|  0%| F|  |TAMS 0x0000000744c00000| PB 0x0000000744c00000| Untracked 
|  39|0x0000000744e00000, 0x0000000744e00000, 0x0000000745000000|  0%| F|  |TAMS 0x0000000744e00000| PB 0x0000000744e00000| Untracked 
|  40|0x0000000745000000, 0x0000000745000000, 0x0000000745200000|  0%| F|  |TAMS 0x0000000745000000| PB 0x0000000745000000| Untracked 
|  41|0x0000000745200000, 0x0000000745200000, 0x0000000745400000|  0%| F|  |TAMS 0x0000000745200000| PB 0x0000000745200000| Untracked 
|  42|0x0000000745400000, 0x0000000745400000, 0x0000000745600000|  0%| F|  |TAMS 0x0000000745400000| PB 0x0000000745400000| Untracked 
|  43|0x0000000745600000, 0x0000000745600000, 0x0000000745800000|  0%| F|  |TAMS 0x0000000745600000| PB 0x0000000745600000| Untracked 
|  44|0x0000000745800000, 0x0000000745800000, 0x0000000745a00000|  0%| F|  |TAMS 0x0000000745800000| PB 0x0000000745800000| Untracked 
|  45|0x0000000745a00000, 0x0000000745a00000, 0x0000000745c00000|  0%| F|  |TAMS 0x0000000745a00000| PB 0x0000000745a00000| Untracked 
|  46|0x0000000745c00000, 0x0000000745c00000, 0x0000000745e00000|  0%| F|  |TAMS 0x0000000745c00000| PB 0x0000000745c00000| Untracked 
|  47|0x0000000745e00000, 0x0000000745e00000, 0x0000000746000000|  0%| F|  |TAMS 0x0000000745e00000| PB 0x0000000745e00000| Untracked 
|  48|0x0000000746000000, 0x0000000746000000, 0x0000000746200000|  0%| F|  |TAMS 0x0000000746000000| PB 0x0000000746000000| Untracked 
|  49|0x0000000746200000, 0x0000000746200000, 0x0000000746400000|  0%| F|  |TAMS 0x0000000746200000| PB 0x0000000746200000| Untracked 
|  50|0x0000000746400000, 0x0000000746400000, 0x0000000746600000|  0%| F|  |TAMS 0x0000000746400000| PB 0x0000000746400000| Untracked 
|  51|0x0000000746600000, 0x0000000746600000, 0x0000000746800000|  0%| F|  |TAMS 0x0000000746600000| PB 0x0000000746600000| Untracked 
|  52|0x0000000746800000, 0x0000000746800000, 0x0000000746a00000|  0%| F|  |TAMS 0x0000000746800000| PB 0x0000000746800000| Untracked 
|  53|0x0000000746a00000, 0x0000000746a00000, 0x0000000746c00000|  0%| F|  |TAMS 0x0000000746a00000| PB 0x0000000746a00000| Untracked 
|  54|0x0000000746c00000, 0x0000000746c00000, 0x0000000746e00000|  0%| F|  |TAMS 0x0000000746c00000| PB 0x0000000746c00000| Untracked 
|  55|0x0000000746e00000, 0x0000000746e00000, 0x0000000747000000|  0%| F|  |TAMS 0x0000000746e00000| PB 0x0000000746e00000| Untracked 
|  56|0x0000000747000000, 0x0000000747000000, 0x0000000747200000|  0%| F|  |TAMS 0x0000000747000000| PB 0x0000000747000000| Untracked 
|  57|0x0000000747200000, 0x0000000747200000, 0x0000000747400000|  0%| F|  |TAMS 0x0000000747200000| PB 0x0000000747200000| Untracked 
|  58|0x0000000747400000, 0x0000000747400000, 0x0000000747600000|  0%| F|  |TAMS 0x0000000747400000| PB 0x0000000747400000| Untracked 
|  59|0x0000000747600000, 0x0000000747600000, 0x0000000747800000|  0%| F|  |TAMS 0x0000000747600000| PB 0x0000000747600000| Untracked 
|  60|0x0000000747800000, 0x0000000747800000, 0x0000000747a00000|  0%| F|  |TAMS 0x0000000747800000| PB 0x0000000747800000| Untracked 
|  61|0x0000000747a00000, 0x0000000747a00000, 0x0000000747c00000|  0%| F|  |TAMS 0x0000000747a00000| PB 0x0000000747a00000| Untracked 
|  62|0x0000000747c00000, 0x0000000747c00000, 0x0000000747e00000|  0%| F|  |TAMS 0x0000000747c00000| PB 0x0000000747c00000| Untracked 
|  63|0x0000000747e00000, 0x0000000747e00000, 0x0000000748000000|  0%| F|  |TAMS 0x0000000747e00000| PB 0x0000000747e00000| Untracked 
|  64|0x0000000748000000, 0x0000000748000000, 0x0000000748200000|  0%| F|  |TAMS 0x0000000748000000| PB 0x0000000748000000| Untracked 
|  65|0x0000000748200000, 0x0000000748200000, 0x0000000748400000|  0%| F|  |TAMS 0x0000000748200000| PB 0x0000000748200000| Untracked 
|  66|0x0000000748400000, 0x0000000748400000, 0x0000000748600000|  0%| F|  |TAMS 0x0000000748400000| PB 0x0000000748400000| Untracked 
|  67|0x0000000748600000, 0x0000000748600000, 0x0000000748800000|  0%| F|  |TAMS 0x0000000748600000| PB 0x0000000748600000| Untracked 
|  68|0x0000000748800000, 0x0000000748800000, 0x0000000748a00000|  0%| F|  |TAMS 0x0000000748800000| PB 0x0000000748800000| Untracked 
|  69|0x0000000748a00000, 0x0000000748a00000, 0x0000000748c00000|  0%| F|  |TAMS 0x0000000748a00000| PB 0x0000000748a00000| Untracked 
|  70|0x0000000748c00000, 0x0000000748c00000, 0x0000000748e00000|  0%| F|  |TAMS 0x0000000748c00000| PB 0x0000000748c00000| Untracked 
|  71|0x0000000748e00000, 0x0000000748e00000, 0x0000000749000000|  0%| F|  |TAMS 0x0000000748e00000| PB 0x0000000748e00000| Untracked 
|  72|0x0000000749000000, 0x0000000749000000, 0x0000000749200000|  0%| F|  |TAMS 0x0000000749000000| PB 0x0000000749000000| Untracked 
|  73|0x0000000749200000, 0x0000000749200000, 0x0000000749400000|  0%| F|  |TAMS 0x0000000749200000| PB 0x0000000749200000| Untracked 
|  74|0x0000000749400000, 0x0000000749400000, 0x0000000749600000|  0%| F|  |TAMS 0x0000000749400000| PB 0x0000000749400000| Untracked 
|  75|0x0000000749600000, 0x0000000749600000, 0x0000000749800000|  0%| F|  |TAMS 0x0000000749600000| PB 0x0000000749600000| Untracked 
|  76|0x0000000749800000, 0x0000000749800000, 0x0000000749a00000|  0%| F|  |TAMS 0x0000000749800000| PB 0x0000000749800000| Untracked 
|  77|0x0000000749a00000, 0x0000000749a00000, 0x0000000749c00000|  0%| F|  |TAMS 0x0000000749a00000| PB 0x0000000749a00000| Untracked 
|  78|0x0000000749c00000, 0x0000000749c00000, 0x0000000749e00000|  0%| F|  |TAMS 0x0000000749c00000| PB 0x0000000749c00000| Untracked 
|  79|0x0000000749e00000, 0x0000000749e00000, 0x000000074a000000|  0%| F|  |TAMS 0x0000000749e00000| PB 0x0000000749e00000| Untracked 
|  80|0x000000074a000000, 0x000000074a000000, 0x000000074a200000|  0%| F|  |TAMS 0x000000074a000000| PB 0x000000074a000000| Untracked 
|  81|0x000000074a200000, 0x000000074a200000, 0x000000074a400000|  0%| F|  |TAMS 0x000000074a200000| PB 0x000000074a200000| Untracked 
|  82|0x000000074a400000, 0x000000074a400000, 0x000000074a600000|  0%| F|  |TAMS 0x000000074a400000| PB 0x000000074a400000| Untracked 
|  83|0x000000074a600000, 0x000000074a600000, 0x000000074a800000|  0%| F|  |TAMS 0x000000074a600000| PB 0x000000074a600000| Untracked 
|  84|0x000000074a800000, 0x000000074a800000, 0x000000074aa00000|  0%| F|  |TAMS 0x000000074a800000| PB 0x000000074a800000| Untracked 
|  85|0x000000074aa00000, 0x000000074aa00000, 0x000000074ac00000|  0%| F|  |TAMS 0x000000074aa00000| PB 0x000000074aa00000| Untracked 
|  86|0x000000074ac00000, 0x000000074ac00000, 0x000000074ae00000|  0%| F|  |TAMS 0x000000074ac00000| PB 0x000000074ac00000| Untracked 
|  87|0x000000074ae00000, 0x000000074ae00000, 0x000000074b000000|  0%| F|  |TAMS 0x000000074ae00000| PB 0x000000074ae00000| Untracked 
|  88|0x000000074b000000, 0x000000074b000000, 0x000000074b200000|  0%| F|  |TAMS 0x000000074b000000| PB 0x000000074b000000| Untracked 
|  89|0x000000074b200000, 0x000000074b200000, 0x000000074b400000|  0%| F|  |TAMS 0x000000074b200000| PB 0x000000074b200000| Untracked 
|  90|0x000000074b400000, 0x000000074b400000, 0x000000074b600000|  0%| F|  |TAMS 0x000000074b400000| PB 0x000000074b400000| Untracked 
|  91|0x000000074b600000, 0x000000074b600000, 0x000000074b800000|  0%| F|  |TAMS 0x000000074b600000| PB 0x000000074b600000| Untracked 
|  92|0x000000074b800000, 0x000000074b800000, 0x000000074ba00000|  0%| F|  |TAMS 0x000000074b800000| PB 0x000000074b800000| Untracked 
|  93|0x000000074ba00000, 0x000000074ba00000, 0x000000074bc00000|  0%| F|  |TAMS 0x000000074ba00000| PB 0x000000074ba00000| Untracked 
|  94|0x000000074bc00000, 0x000000074bce8e40, 0x000000074be00000| 45%| S|CS|TAMS 0x000000074bc00000| PB 0x000000074bc00000| Complete 
|  95|0x000000074be00000, 0x000000074c000000, 0x000000074c000000|100%| S|CS|TAMS 0x000000074be00000| PB 0x000000074be00000| Complete 
|  96|0x000000074c000000, 0x000000074c200000, 0x000000074c200000|100%| S|CS|TAMS 0x000000074c000000| PB 0x000000074c000000| Complete 
|  97|0x000000074c200000, 0x000000074c400000, 0x000000074c400000|100%| S|CS|TAMS 0x000000074c200000| PB 0x000000074c200000| Complete 
|  98|0x000000074c400000, 0x000000074c400000, 0x000000074c600000|  0%| F|  |TAMS 0x000000074c400000| PB 0x000000074c400000| Untracked 
|  99|0x000000074c600000, 0x000000074c600000, 0x000000074c800000|  0%| F|  |TAMS 0x000000074c600000| PB 0x000000074c600000| Untracked 
| 100|0x000000074c800000, 0x000000074c800000, 0x000000074ca00000|  0%| F|  |TAMS 0x000000074c800000| PB 0x000000074c800000| Untracked 
| 101|0x000000074ca00000, 0x000000074ca00000, 0x000000074cc00000|  0%| F|  |TAMS 0x000000074ca00000| PB 0x000000074ca00000| Untracked 
| 102|0x000000074cc00000, 0x000000074cc00000, 0x000000074ce00000|  0%| F|  |TAMS 0x000000074cc00000| PB 0x000000074cc00000| Untracked 
| 103|0x000000074ce00000, 0x000000074ce00000, 0x000000074d000000|  0%| F|  |TAMS 0x000000074ce00000| PB 0x000000074ce00000| Untracked 
| 104|0x000000074d000000, 0x000000074d000000, 0x000000074d200000|  0%| F|  |TAMS 0x000000074d000000| PB 0x000000074d000000| Untracked 
| 105|0x000000074d200000, 0x000000074d200000, 0x000000074d400000|  0%| F|  |TAMS 0x000000074d200000| PB 0x000000074d200000| Untracked 
| 106|0x000000074d400000, 0x000000074d400000, 0x000000074d600000|  0%| F|  |TAMS 0x000000074d400000| PB 0x000000074d400000| Untracked 
| 107|0x000000074d600000, 0x000000074d78a590, 0x000000074d800000| 77%| E|  |TAMS 0x000000074d600000| PB 0x000000074d600000| Complete 
| 108|0x000000074d800000, 0x000000074da00000, 0x000000074da00000|100%| E|CS|TAMS 0x000000074d800000| PB 0x000000074d800000| Complete 
| 109|0x000000074da00000, 0x000000074dc00000, 0x000000074dc00000|100%| E|CS|TAMS 0x000000074da00000| PB 0x000000074da00000| Complete 
| 110|0x000000074dc00000, 0x000000074de00000, 0x000000074de00000|100%| E|CS|TAMS 0x000000074dc00000| PB 0x000000074dc00000| Complete 
| 111|0x000000074de00000, 0x000000074e000000, 0x000000074e000000|100%| E|CS|TAMS 0x000000074de00000| PB 0x000000074de00000| Complete 
| 112|0x000000074e000000, 0x000000074e200000, 0x000000074e200000|100%| E|CS|TAMS 0x000000074e000000| PB 0x000000074e000000| Complete 
| 113|0x000000074e200000, 0x000000074e400000, 0x000000074e400000|100%| E|CS|TAMS 0x000000074e200000| PB 0x000000074e200000| Complete 
| 114|0x000000074e400000, 0x000000074e600000, 0x000000074e600000|100%| E|CS|TAMS 0x000000074e400000| PB 0x000000074e400000| Complete 
| 115|0x000000074e600000, 0x000000074e800000, 0x000000074e800000|100%| E|CS|TAMS 0x000000074e600000| PB 0x000000074e600000| Complete 
| 116|0x000000074e800000, 0x000000074ea00000, 0x000000074ea00000|100%| E|CS|TAMS 0x000000074e800000| PB 0x000000074e800000| Complete 
| 117|0x000000074ea00000, 0x000000074ec00000, 0x000000074ec00000|100%| E|CS|TAMS 0x000000074ea00000| PB 0x000000074ea00000| Complete 
| 118|0x000000074ec00000, 0x000000074ee00000, 0x000000074ee00000|100%| E|CS|TAMS 0x000000074ec00000| PB 0x000000074ec00000| Complete 
| 119|0x000000074ee00000, 0x000000074f000000, 0x000000074f000000|100%| E|CS|TAMS 0x000000074ee00000| PB 0x000000074ee00000| Complete 
| 120|0x000000074f000000, 0x000000074f200000, 0x000000074f200000|100%| E|CS|TAMS 0x000000074f000000| PB 0x000000074f000000| Complete 
| 121|0x000000074f200000, 0x000000074f400000, 0x000000074f400000|100%| E|CS|TAMS 0x000000074f200000| PB 0x000000074f200000| Complete 
| 122|0x000000074f400000, 0x000000074f600000, 0x000000074f600000|100%| E|CS|TAMS 0x000000074f400000| PB 0x000000074f400000| Complete 
| 123|0x000000074f600000, 0x000000074f800000, 0x000000074f800000|100%| E|CS|TAMS 0x000000074f600000| PB 0x000000074f600000| Complete 
| 124|0x000000074f800000, 0x000000074fa00000, 0x000000074fa00000|100%| E|CS|TAMS 0x000000074f800000| PB 0x000000074f800000| Complete 
| 125|0x000000074fa00000, 0x000000074fc00000, 0x000000074fc00000|100%| E|CS|TAMS 0x000000074fa00000| PB 0x000000074fa00000| Complete 
| 126|0x000000074fc00000, 0x000000074fe00000, 0x000000074fe00000|100%| E|CS|TAMS 0x000000074fc00000| PB 0x000000074fc00000| Complete 

Card table byte_map: [0x000002aa79b30000,0x000002aa7a130000] _byte_map_base: 0x000002aa76130000

Marking Bits: (CMBitMap*) 0x000002aa78a2fff0
 Bits: [0x000002aa7a130000, 0x000002aa7d130000)

Polling page: 0x000002aa765b0000

Metaspace:

Usage:
  Non-class:     13.38 MB used.
      Class:      2.12 MB used.
       Both:     15.50 MB used.

Virtual space:
  Non-class space:       64.00 MB reserved,      13.62 MB ( 21%) committed,  1 nodes.
      Class space:        1.00 GB reserved,       2.31 MB ( <1%) committed,  1 nodes.
             Both:        1.06 GB reserved,      15.94 MB (  1%) committed. 

Chunk freelists:
   Non-Class:  2.41 MB
       Class:  13.69 MB
        Both:  16.10 MB

MaxMetaspaceSize: unlimited
CompressedClassSpaceSize: 1.00 GB
Initial GC threshold: 21.00 MB
Current GC threshold: 21.00 MB
CDS: on
 - commit_granule_bytes: 65536.
 - commit_granule_words: 8192.
 - virtual_space_node_default_size: 8388608.
 - enlarge_chunks_in_place: 1.
 - use_allocation_guard: 0.


Internal statistics:

num_allocs_failed_limit: 0.
num_arena_births: 530.
num_arena_deaths: 0.
num_vsnodes_births: 2.
num_vsnodes_deaths: 0.
num_space_committed: 255.
num_space_uncommitted: 0.
num_chunks_returned_to_freelist: 0.
num_chunks_taken_from_freelist: 1062.
num_chunk_merges: 0.
num_chunk_splits: 695.
num_chunks_enlarged: 489.
num_inconsistent_stats: 0.

CodeHeap 'non-profiled nmethods': size=119168Kb used=1351Kb max_used=1351Kb free=117816Kb
 bounds [0x000002aa101e0000, 0x000002aa10450000, 0x000002aa17640000]
CodeHeap 'profiled nmethods': size=119104Kb used=5971Kb max_used=5971Kb free=113132Kb
 bounds [0x000002aa08640000, 0x000002aa08c20000, 0x000002aa0fa90000]
CodeHeap 'non-nmethods': size=7488Kb used=2021Kb max_used=3164Kb free=5466Kb
 bounds [0x000002aa0fa90000, 0x000002aa0fdb0000, 0x000002aa101e0000]
CodeCache: size=245760Kb, used=9343Kb, max_used=10486Kb, free=236414Kb
 total_blobs=3501, nmethods=2960, adapters=444, full_count=0
Compilation: enabled, stopped_count=0, restarted_count=0

Compilation events (20 events):
Event: 3.510 Thread 0x000002aa17a5e670 2946       3       java.util.concurrent.locks.ReentrantLock$Sync::isHeldExclusively (16 bytes)
Event: 3.510 Thread 0x000002aa17c07750 nmethod 2950 0x000002aa08c0b210 code [0x000002aa08c0b3c0, 0x000002aa08c0b5c8]
Event: 3.510 Thread 0x000002aa17c08aa0 nmethod 2943 0x000002aa08c0b690 code [0x000002aa08c0b860, 0x000002aa08c0bbc0]
Event: 3.510 Thread 0x000002aa17c07750 2947       1       jdk.internal.event.ThreadSleepEvent::isEnabled (2 bytes)
Event: 3.510 Thread 0x000002aa17c0d780 2949       1       org.gradle.launcher.daemon.server.exec.DaemonConnectionBackedEventConsumer::access$000 (5 bytes)
Event: 3.510 Thread 0x000002aa17c07750 nmethod 2947 0x000002aa1032e490 code [0x000002aa1032e620, 0x000002aa1032e6e8]
Event: 3.510 Thread 0x000002aa17a5e670 nmethod 2946 0x000002aa08c0bd10 code [0x000002aa08c0bec0, 0x000002aa08c0c058]
Event: 3.510 Thread 0x000002aa17c0d780 nmethod 2949 0x000002aa1032e790 code [0x000002aa1032e920, 0x000002aa1032e9d0]
Event: 3.511 Thread 0x000002aa17c1aba0 nmethod 2923 0x000002aa1032ea90 code [0x000002aa1032ed40, 0x000002aa1032fce0]
Event: 3.511 Thread 0x000002aa17c1aba0 2939       4       java.util.concurrent.locks.ReentrantLock::unlock (10 bytes)
Event: 3.513 Thread 0x000002aa17c1aba0 nmethod 2939 0x000002aa10330690 code [0x000002aa10330840, 0x000002aa10330a38]
Event: 3.513 Thread 0x000002aa17c1aba0 2936       4       java.lang.invoke.LambdaForm::useCount (61 bytes)
Event: 3.516 Thread 0x000002aa17c1aba0 nmethod 2936 0x000002aa10330b90 code [0x000002aa10330d40, 0x000002aa10331010]
Event: 4.555 Thread 0x000002aa17c07750 2951       3       java.lang.invoke.TypeConvertingMethodAdapter::convertType (299 bytes)
Event: 4.556 Thread 0x000002aa17c07750 nmethod 2951 0x000002aa08c0c110 code [0x000002aa08c0c7c0, 0x000002aa08c101b0]
Event: 4.557 Thread 0x000002aa17c1aba0 2952       4       jdk.internal.perf.PerfCounter::addElapsedTimeFrom (10 bytes)
Event: 4.561 Thread 0x000002aa17c1aba0 nmethod 2952 0x000002aa10331210 code [0x000002aa103313a0, 0x000002aa10331630]
Event: 4.561 Thread 0x000002aa17c1aba0 2953       4       java.util.Arrays::fill (21 bytes)
Event: 4.707 Thread 0x000002aa17a5e670 2954       3       java.util.concurrent.locks.AbstractQueuedSynchronizer$Node::<init> (5 bytes)
Event: 4.816 Thread 0x000002aa17c07750 2955       3       java.util.stream.StreamSupport::stream (19 bytes)

GC Heap History (6 events):
Event: 0.163 GC heap before
{Heap before GC invocations=0 (full 0):
 garbage-first heap   total 260096K, used 22528K [0x0000000740000000, 0x0000000800000000)
  region size 2048K, 11 young (22528K), 0 survivors (0K)
 Metaspace       used 917K, committed 1024K, reserved 1114112K
  class space    used 73K, committed 128K, reserved 1048576K
}
Event: 0.164 GC heap after
{Heap after GC invocations=1 (full 0):
 garbage-first heap   total 260096K, used 1600K [0x0000000740000000, 0x0000000800000000)
  region size 2048K, 1 young (2048K), 1 survivors (2048K)
 Metaspace       used 917K, committed 1024K, reserved 1114112K
  class space    used 73K, committed 128K, reserved 1048576K
}
Event: 0.503 GC heap before
{Heap before GC invocations=1 (full 0):
 garbage-first heap   total 260096K, used 48704K [0x0000000740000000, 0x0000000800000000)
  region size 2048K, 22 young (45056K), 1 survivors (2048K)
 Metaspace       used 4497K, committed 4672K, reserved 1114112K
  class space    used 557K, committed 640K, reserved 1048576K
}
Event: 0.505 GC heap after
{Heap after GC invocations=2 (full 0):
 garbage-first heap   total 260096K, used 11817K [0x0000000740000000, 0x0000000800000000)
  region size 2048K, 3 young (6144K), 3 survivors (6144K)
 Metaspace       used 4497K, committed 4672K, reserved 1114112K
  class space    used 557K, committed 640K, reserved 1048576K
}
Event: 0.893 GC heap before
{Heap before GC invocations=2 (full 0):
 garbage-first heap   total 260096K, used 65065K [0x0000000740000000, 0x0000000800000000)
  region size 2048K, 29 young (59392K), 3 survivors (6144K)
 Metaspace       used 8174K, committed 8512K, reserved 1114112K
  class space    used 1114K, committed 1280K, reserved 1048576K
}
Event: 0.898 GC heap after
{Heap after GC invocations=3 (full 0):
 garbage-first heap   total 260096K, used 19077K [0x0000000740000000, 0x0000000800000000)
  region size 2048K, 4 young (8192K), 4 survivors (8192K)
 Metaspace       used 8174K, committed 8512K, reserved 1114112K
  class space    used 1114K, committed 1280K, reserved 1048576K
}

Dll operation events (15 events):
Event: 0.007 Loaded shared library C:\Program Files\Eclipse Adoptium\jdk-21.0.8.9-hotspot\bin\java.dll
Event: 0.027 Loaded shared library C:\Program Files\Eclipse Adoptium\jdk-21.0.8.9-hotspot\bin\jsvml.dll
Event: 0.050 Loaded shared library C:\Program Files\Eclipse Adoptium\jdk-21.0.8.9-hotspot\bin\zip.dll
Event: 0.052 Loaded shared library C:\Program Files\Eclipse Adoptium\jdk-21.0.8.9-hotspot\bin\instrument.dll
Event: 0.055 Loaded shared library C:\Program Files\Eclipse Adoptium\jdk-21.0.8.9-hotspot\bin\net.dll
Event: 0.056 Loaded shared library C:\Program Files\Eclipse Adoptium\jdk-21.0.8.9-hotspot\bin\nio.dll
Event: 0.057 Loaded shared library C:\Program Files\Eclipse Adoptium\jdk-21.0.8.9-hotspot\bin\zip.dll
Event: 0.156 Loaded shared library C:\Program Files\Eclipse Adoptium\jdk-21.0.8.9-hotspot\bin\jimage.dll
Event: 0.223 Loaded shared library C:\Program Files\Eclipse Adoptium\jdk-21.0.8.9-hotspot\bin\verify.dll
Event: 0.300 Loaded shared library D:\Android_SDK_HOME\.gradle\native\1def1411415f61bf3af743bc5b6707747c0891f09f0c88961ee8f79bc544acac\windows-amd64\native-platform.dll
Event: 0.306 Loaded shared library D:\Android_SDK_HOME\.gradle\native\0.2.5\x86_64-windows-gnu\gradle-fileevents.dll
Event: 0.786 Loaded shared library C:\Program Files\Eclipse Adoptium\jdk-21.0.8.9-hotspot\bin\management.dll
Event: 0.787 Loaded shared library C:\Program Files\Eclipse Adoptium\jdk-21.0.8.9-hotspot\bin\management_ext.dll
Event: 0.916 Loaded shared library C:\Program Files\Eclipse Adoptium\jdk-21.0.8.9-hotspot\bin\extnet.dll
Event: 1.050 Loaded shared library C:\Program Files\Eclipse Adoptium\jdk-21.0.8.9-hotspot\bin\sunmscapi.dll

Deoptimization events (20 events):
Event: 1.220 Thread 0x000002aa5e969550 DEOPT PACKING pc=0x000002aa102befd4 sp=0x000000e7deafbbd0
Event: 1.220 Thread 0x000002aa5e969550 DEOPT UNPACKING pc=0x000002aa0fae46a2 sp=0x000000e7deafbb38 mode 2
Event: 1.430 Thread 0x000002aa5e969550 Uncommon trap: trap_request=0xffffff45 fr.pc=0x000002aa102d7000 relative=0x00000000000000c0
Event: 1.430 Thread 0x000002aa5e969550 Uncommon trap: reason=unstable_if action=reinterpret pc=0x000002aa102d7000 method=jdk.internal.misc.Unsafe.convEndian(ZI)I @ 4 c2
Event: 1.430 Thread 0x000002aa5e969550 DEOPT PACKING pc=0x000002aa102d7000 sp=0x000000e7deafb230
Event: 1.430 Thread 0x000002aa5e969550 DEOPT UNPACKING pc=0x000002aa0fae46a2 sp=0x000000e7deafb0c8 mode 2
Event: 1.430 Thread 0x000002aa5e969550 Uncommon trap: trap_request=0xffffff45 fr.pc=0x000002aa102d6cac relative=0x000000000000008c
Event: 1.430 Thread 0x000002aa5e969550 Uncommon trap: reason=unstable_if action=reinterpret pc=0x000002aa102d6cac method=jdk.internal.misc.Unsafe.convEndian(ZI)I @ 4 c2
Event: 1.430 Thread 0x000002aa5e969550 DEOPT PACKING pc=0x000002aa102d6cac sp=0x000000e7deafb190
Event: 1.430 Thread 0x000002aa5e969550 DEOPT UNPACKING pc=0x000002aa0fae46a2 sp=0x000000e7deafb0c0 mode 2
Event: 2.477 Thread 0x000002aa5e969550 Uncommon trap: trap_request=0xffffff45 fr.pc=0x000002aa10207974 relative=0x0000000000000d74
Event: 2.477 Thread 0x000002aa5e969550 Uncommon trap: reason=unstable_if action=reinterpret pc=0x000002aa10207974 method=java.io.WinNTFileSystem.resolve(Ljava/lang/String;Ljava/lang/String;)Ljava/lang/String; @ 19 c2
Event: 2.477 Thread 0x000002aa5e969550 DEOPT PACKING pc=0x000002aa10207974 sp=0x000000e7deafb5d0
Event: 2.477 Thread 0x000002aa5e969550 DEOPT UNPACKING pc=0x000002aa0fae46a2 sp=0x000000e7deafb568 mode 2
Event: 2.481 Thread 0x000002aa5e969550 Uncommon trap: trap_request=0xffffff45 fr.pc=0x000002aa1027eba4 relative=0x0000000000000644
Event: 2.481 Thread 0x000002aa5e969550 Uncommon trap: reason=unstable_if action=reinterpret pc=0x000002aa1027eba4 method=java.io.File.getName()Ljava/lang/String; @ 16 c2
Event: 2.481 Thread 0x000002aa5e969550 DEOPT PACKING pc=0x000002aa1027eba4 sp=0x000000e7deafb590
Event: 2.481 Thread 0x000002aa5e969550 DEOPT UNPACKING pc=0x000002aa0fae46a2 sp=0x000000e7deafb560 mode 2
Event: 4.561 Thread 0x000002aa5e969550 DEOPT PACKING pc=0x000002aa08730259 sp=0x000000e7deafaed0
Event: 4.561 Thread 0x000002aa5e969550 DEOPT UNPACKING pc=0x000002aa0fae4e42 sp=0x000000e7deafa368 mode 0

Classes loaded (20 events):
Event: 1.396 Loading class sun/nio/ch/DatagramChannelImpl$DatagramPackets done
Event: 1.427 Loading class sun/security/provider/MD5
Event: 1.428 Loading class sun/security/provider/MD5 done
Event: 1.429 Loading class sun/security/provider/SHA5$SHA512
Event: 1.429 Loading class sun/security/provider/SHA5
Event: 1.429 Loading class sun/security/provider/SHA5 done
Event: 1.429 Loading class sun/security/provider/SHA5$SHA512 done
Event: 1.430 Loading class sun/security/provider/ByteArrayAccess$LE
Event: 1.430 Loading class sun/security/provider/ByteArrayAccess$LE done
Event: 2.463 Loading class java/lang/management/MemoryType
Event: 2.463 Loading class java/lang/management/MemoryType done
Event: 2.466 Loading class java/lang/management/MemoryUsage
Event: 2.466 Loading class java/lang/management/MemoryUsage done
Event: 2.467 Loading class java/util/concurrent/LinkedBlockingDeque$Node
Event: 2.467 Loading class java/util/concurrent/LinkedBlockingDeque$Node done
Event: 2.480 Loading class java/io/File$TempDirectory
Event: 2.480 Loading class java/io/File$TempDirectory done
Event: 3.517 Loading class java/io/PrintWriter
Event: 3.517 Loading class java/io/PrintWriter done
Event: 4.563 Loading class java/io/DeleteOnExitHook

Classes unloaded (0 events):
No events

Classes redefined (0 events):
No events

Internal exceptions (20 events):
Event: 0.854 Thread 0x000002aa789d6be0 Exception <a 'java/lang/NoSuchMethodError'{0x000000074c412a78}: 'java.lang.Object java.lang.invoke.DirectMethodHandle$Holder.invokeVirtual(java.lang.Object, java.lang.Object, java.lang.Object, java.lang.Object, java.lang.Object, java.lang.Object, java.lang.Object, java.lang.Object, java.lang.Object)'> (0x000000074c412a78) 
thrown [s\src\hotspot\share\interpreter\linkResolver.cpp, line 773]
Event: 0.881 Thread 0x000002aa789d6be0 Exception <a 'java/lang/NoSuchMethodError'{0x000000074c5b3638}: 'java.lang.Object java.lang.invoke.DirectMethodHandle$Holder.invokeStaticInit(java.lang.Object, int, int, int, int)'> (0x000000074c5b3638) 
thrown [s\src\hotspot\share\interpreter\linkResolver.cpp, line 773]
Event: 0.904 Thread 0x000002aa789d6be0 Exception <a 'java/lang/NoSuchMethodError'{0x000000074fc9cde0}: 'java.lang.Object java.lang.invoke.DirectMethodHandle$Holder.invokeStaticInit(java.lang.Object, java.lang.Object, int, int, int, int)'> (0x000000074fc9cde0) 
thrown [s\src\hotspot\share\interpreter\linkResolver.cpp, line 773]
Event: 0.997 Thread 0x000002aa789d6be0 Exception <a 'java/io/IOException'{0x000000074f91ddd8}> (0x000000074f91ddd8) 
thrown [s\src\hotspot\share\prims\jni.cpp, line 520]
Event: 0.999 Thread 0x000002aa789d6be0 Implicit null exception at 0x000002aa1022d724 to 0x000002aa1022dd98
Event: 1.002 Thread 0x000002aa789d6be0 Exception <a 'java/lang/NoSuchMethodError'{0x000000074f97a8e0}: 'java.lang.Object java.lang.invoke.DirectMethodHandle$Holder.newInvokeSpecial(java.lang.Object, java.lang.Object, java.lang.Object, java.lang.Object, java.lang.Object)'> (0x000000074f97a8e0) 
thrown [s\src\hotspot\share\interpreter\linkResolver.cpp, line 773]
Event: 1.113 Thread 0x000002aa5e7769f0 Exception <a 'java/lang/NoSuchMethodError'{0x000000074f7dcef8}: 'void java.lang.invoke.DirectMethodHandle$Holder.invokeSpecial(java.lang.Object, java.lang.Object, java.lang.Object)'> (0x000000074f7dcef8) 
thrown [s\src\hotspot\share\interpreter\linkResolver.cpp, line 773]
Event: 1.150 Thread 0x000002aa5e969550 Exception <a 'java/lang/NoSuchMethodError'{0x000000074ee30788}: 'long java.lang.invoke.DirectMethodHandle$Holder.invokeInterface(java.lang.Object, java.lang.Object)'> (0x000000074ee30788) 
thrown [s\src\hotspot\share\interpreter\linkResolver.cpp, line 773]
Event: 1.194 Thread 0x000002aa5e969550 Exception <a 'java/lang/NoSuchMethodError'{0x000000074ead6910}: 'void java.lang.invoke.DirectMethodHandle$Holder.invokeStatic(java.lang.Object, java.lang.Object)'> (0x000000074ead6910) 
thrown [s\src\hotspot\share\interpreter\linkResolver.cpp, line 773]
Event: 1.199 Thread 0x000002aa5e969550 Exception <a 'java/lang/NoSuchMethodError'{0x000000074eb1abb8}: 'java.lang.Object java.lang.invoke.DirectMethodHandle$Holder.invokeVirtual(java.lang.Object, java.lang.Object, java.lang.Object, java.lang.Object, java.lang.Object, java.lang.Object, java.lang.Object, java.lang.Object, java.lang.Object, java.lang.Object, java.lang.Object, java.lang.Object)'> (0x000000074eb1abb8) 
thrown [s\src\hotspot\share\interpreter\linkResolver.cpp, line 773]
Event: 1.199 Thread 0x000002aa5e969550 Exception <a 'java/lang/NoSuchMethodError'{0x000000074eb1fd08}: 'java.lang.Object java.lang.invoke.DirectMethodHandle$Holder.invokeSpecial(java.lang.Object, java.lang.Object, java.lang.Object, java.lang.Object, java.lang.Object, java.lang.Object, java.lang.Object, java.lang.Object, java.lang.Object, java.lang.Object, java.lang.Object, java.lang.Object, java.lang.Object)'> (0x000000074eb1fd08) 
thrown [s\src\hotspot\share\interpreter\linkResolver.cpp, line 773]
Event: 1.225 Thread 0x000002aa5e969550 Exception <a 'java/lang/NoSuchMethodError'{0x000000074e90e230}: 'int java.lang.invoke.DirectMethodHandle$Holder.invokeVirtual(java.lang.Object, java.lang.Object, java.lang.Object)'> (0x000000074e90e230) 
thrown [s\src\hotspot\share\interpreter\linkResolver.cpp, line 773]
Event: 1.250 Thread 0x000002aa5e969550 Exception <a 'java/lang/NoSuchMethodError'{0x000000074e76f488}: 'java.lang.Object java.lang.invoke.DirectMethodHandle$Holder.newInvokeSpecial(java.lang.Object, java.lang.Object, java.lang.Object, java.lang.Object, java.lang.Object, java.lang.Object)'> (0x000000074e76f488) 
thrown [s\src\hotspot\share\interpreter\linkResolver.cpp, line 773]
Event: 1.287 Thread 0x000002aa5e969550 Exception <a 'java/lang/NoSuchMethodError'{0x000000074e241958}: 'void java.lang.invoke.DelegatingMethodHandle$Holder.reinvoke_L(java.lang.Object, java.lang.Object, java.lang.Object, java.lang.Object, java.lang.Object, java.lang.Object, java.lang.Object, java.lang.Object, java.lang.Object, java.lang.Object)'> (0x000000074e241958) 
thrown [s\src\hotspot\share\interpreter\linkResolver.cpp, line 773]
Event: 1.287 Thread 0x000002aa5e969550 Exception <a 'java/lang/NoSuchMethodError'{0x000000074e249438}: 'java.lang.Object java.lang.invoke.Invokers$Holder.invoker(java.lang.Object, java.lang.Object, java.lang.Object, java.lang.Object, java.lang.Object, java.lang.Object, java.lang.Object, java.lang.Object, java.lang.Object, java.lang.Object)'> (0x000000074e249438) 
thrown [s\src\hotspot\share\interpreter\linkResolver.cpp, line 773]
Event: 1.343 Thread 0x000002aa5e969550 Exception <a 'java/lang/NoSuchMethodError'{0x000000074de86e20}: 'void java.lang.invoke.DirectMethodHandle$Holder.invokeVirtual(java.lang.Object, java.lang.Object, java.lang.Object, java.lang.Object, java.lang.Object)'> (0x000000074de86e20) 
thrown [s\src\hotspot\share\interpreter\linkResolver.cpp, line 773]
Event: 1.366 Thread 0x000002aa5e969550 Exception <a 'java/lang/NoSuchMethodError'{0x000000074dc64dc8}: 'void java.lang.invoke.DirectMethodHandle$Holder.invokeInterface(java.lang.Object, java.lang.Object)'> (0x000000074dc64dc8) 
thrown [s\src\hotspot\share\interpreter\linkResolver.cpp, line 773]
Event: 1.366 Thread 0x000002aa5e969550 Exception <a 'java/lang/IncompatibleClassChangeError'{0x000000074dc68348}: Found class java.lang.Object, but interface was expected> (0x000000074dc68348) 
thrown [s\src\hotspot\share\interpreter\linkResolver.cpp, line 840]
Event: 1.383 Thread 0x000002aa5e969550 Exception <a 'java/lang/NoSuchMethodError'{0x000000074dd8b3f0}: 'java.lang.Object java.lang.invoke.DirectMethodHandle$Holder.newInvokeSpecial(java.lang.Object, java.lang.Object, int)'> (0x000000074dd8b3f0) 
thrown [s\src\hotspot\share\interpreter\linkResolver.cpp, line 773]
Event: 1.436 Thread 0x000002aa5e969550 Exception <a 'java/lang/NoSuchMethodError'{0x000000074d98bee8}: 'java.lang.Object java.lang.invoke.DirectMethodHandle$Holder.invokeVirtual(java.lang.Object, java.lang.Object, java.lang.Object, java.lang.Object, java.lang.Object, java.lang.Object, java.lang.Object, java.lang.Object)'> (0x000000074d98bee8) 
thrown [s\src\hotspot\share\interpreter\linkResolver.cpp, line 773]

ZGC Phase Switch (0 events):
No events

VM Operations (20 events):
Event: 0.864 Executing VM operation: HandshakeAllThreads (Deoptimize) done
Event: 0.891 Executing VM operation: HandshakeAllThreads (Deoptimize)
Event: 0.891 Executing VM operation: HandshakeAllThreads (Deoptimize) done
Event: 0.893 Executing VM operation: G1CollectForAllocation (G1 Evacuation Pause)
Event: 0.898 Executing VM operation: G1CollectForAllocation (G1 Evacuation Pause) done
Event: 0.965 Executing VM operation: HandshakeAllThreads (Deoptimize)
Event: 0.965 Executing VM operation: HandshakeAllThreads (Deoptimize) done
Event: 1.052 Executing VM operation: HandshakeAllThreads (Deoptimize)
Event: 1.052 Executing VM operation: HandshakeAllThreads (Deoptimize) done
Event: 1.241 Executing VM operation: ICBufferFull
Event: 1.241 Executing VM operation: ICBufferFull done
Event: 1.382 Executing VM operation: HandshakeAllThreads (Deoptimize)
Event: 1.382 Executing VM operation: HandshakeAllThreads (Deoptimize) done
Event: 2.385 Executing VM operation: Cleanup
Event: 2.463 Executing VM operation: Cleanup done
Event: 3.464 Executing VM operation: Cleanup
Event: 3.510 Executing VM operation: Cleanup done
Event: 4.524 Executing VM operation: Cleanup
Event: 4.524 Executing VM operation: Cleanup done
Event: 5.526 Executing VM operation: Cleanup

Memory protections (0 events):
No events

Nmethod flushes (0 events):
No events

Events (20 events):
Event: 0.041 Thread 0x000002aa17a5e670 Thread added: 0x000002aa17c08aa0
Event: 0.041 Thread 0x000002aa17c07750 Thread added: 0x000002aa17c0d780
Event: 0.044 Thread 0x000002aa17c0d780 Thread added: 0x000002aa17c1aba0
Event: 0.044 Thread 0x000002aa17a5e670 Thread added: 0x000002aa17c1e080
Event: 0.066 Thread 0x000002aa789d6be0 Thread added: 0x000002aa17da60f0
Event: 0.809 Thread 0x000002aa789d6be0 Thread added: 0x000002aa5e85d420
Event: 0.946 Thread 0x000002aa789d6be0 Thread added: 0x000002aa5e900a10
Event: 1.004 Thread 0x000002aa789d6be0 Thread added: 0x000002aa5ea18030
Event: 1.080 Thread 0x000002aa5e900a10 Thread added: 0x000002aa5e7769f0
Event: 1.082 Thread 0x000002aa5e7769f0 Thread added: 0x000002aa5e8cfb30
Event: 1.109 Thread 0x000002aa5e7769f0 Thread added: 0x000002aa5e95da20
Event: 1.113 Thread 0x000002aa5e7769f0 Thread added: 0x000002aa5e969550
Event: 1.120 Thread 0x000002aa5e969550 Thread added: 0x000002aa5e9707d0
Event: 1.121 Thread 0x000002aa5e969550 Thread added: 0x000002aa5e96e700
Event: 1.123 Thread 0x000002aa5e969550 Thread added: 0x000002aa5e96ed90
Event: 1.382 Thread 0x000002aa5e969550 Thread added: 0x000002aa5e96fab0
Event: 1.395 Thread 0x000002aa5e969550 Thread added: 0x000002aa5e96f420
Event: 1.416 Thread 0x000002aa5e969550 Thread added: 0x000002aa5e96d9e0
Event: 4.555 Thread 0x000002aa17c0d780 Thread exited: 0x000002aa17c0d780
Event: 4.556 Thread 0x000002aa17c08aa0 Thread exited: 0x000002aa17c08aa0


Dynamic libraries:
0x00007ff78d8c0000 - 0x00007ff78d8ce000 	C:\Program Files\Eclipse Adoptium\jdk-21.0.8.9-hotspot\bin\java.exe
0x00007ff877a60000 - 0x00007ff877cc9000 	C:\WINDOWS\SYSTEM32\ntdll.dll
0x00007ff876550000 - 0x00007ff876619000 	C:\WINDOWS\System32\KERNEL32.DLL
0x00007ff875080000 - 0x00007ff875473000 	C:\WINDOWS\System32\KERNELBASE.dll
0x00007ff874bf0000 - 0x00007ff874d3b000 	C:\WINDOWS\System32\ucrtbase.dll
0x00007ff862f40000 - 0x00007ff862f5e000 	C:\Program Files\Eclipse Adoptium\jdk-21.0.8.9-hotspot\bin\VCRUNTIME140.dll
0x00007ff865940000 - 0x00007ff865958000 	C:\Program Files\Eclipse Adoptium\jdk-21.0.8.9-hotspot\bin\jli.dll
0x00007ff8776b0000 - 0x00007ff877874000 	C:\WINDOWS\System32\USER32.dll
0x00007ff8576c0000 - 0x00007ff857953000 	C:\WINDOWS\WinSxS\amd64_microsoft.windows.common-controls_6595b64144ccf1df_6.0.26100.5074_none_3e0d6f78e32fd63f\COMCTL32.dll
0x00007ff875480000 - 0x00007ff8754a7000 	C:\WINDOWS\System32\win32u.dll
0x00007ff8779f0000 - 0x00007ff877a1b000 	C:\WINDOWS\System32\GDI32.dll
0x00007ff8764a0000 - 0x00007ff876549000 	C:\WINDOWS\System32\msvcrt.dll
0x00007ff874d40000 - 0x00007ff874e6d000 	C:\WINDOWS\System32\gdi32full.dll
0x00007ff8754b0000 - 0x00007ff875553000 	C:\WINDOWS\System32\msvcp_win.dll
0x00007ff875830000 - 0x00007ff87585f000 	C:\WINDOWS\System32\IMM32.DLL
0x00007ff86dd60000 - 0x00007ff86dd6c000 	C:\Program Files\Eclipse Adoptium\jdk-21.0.8.9-hotspot\bin\vcruntime140_1.dll
0x00007ff82ebd0000 - 0x00007ff82ec5d000 	C:\Program Files\Eclipse Adoptium\jdk-21.0.8.9-hotspot\bin\msvcp140.dll
0x00007fffeef90000 - 0x00007fffefd27000 	C:\Program Files\Eclipse Adoptium\jdk-21.0.8.9-hotspot\bin\server\jvm.dll
0x00007ff877510000 - 0x00007ff8775c4000 	C:\WINDOWS\System32\ADVAPI32.dll
0x00007ff8773a0000 - 0x00007ff877446000 	C:\WINDOWS\System32\sechost.dll
0x00007ff876790000 - 0x00007ff8768a8000 	C:\WINDOWS\System32\RPCRT4.dll
0x00007ff875c70000 - 0x00007ff875ce4000 	C:\WINDOWS\System32\WS2_32.dll
0x00007ff874a50000 - 0x00007ff874aae000 	C:\WINDOWS\SYSTEM32\POWRPROF.dll
0x00007ff86b480000 - 0x00007ff86b48b000 	C:\WINDOWS\SYSTEM32\VERSION.dll
0x00007ff864ed0000 - 0x00007ff864f05000 	C:\WINDOWS\SYSTEM32\WINMM.dll
0x00007ff874a30000 - 0x00007ff874a44000 	C:\WINDOWS\SYSTEM32\UMPDC.dll
0x00007ff873990000 - 0x00007ff8739ab000 	C:\WINDOWS\SYSTEM32\kernel.appcore.dll
0x00007ff865930000 - 0x00007ff86593a000 	C:\Program Files\Eclipse Adoptium\jdk-21.0.8.9-hotspot\bin\jimage.dll
0x00007ff872220000 - 0x00007ff872462000 	C:\WINDOWS\SYSTEM32\DBGHELP.DLL
0x00007ff875870000 - 0x00007ff875beb000 	C:\WINDOWS\System32\combase.dll
0x00007ff876650000 - 0x00007ff876727000 	C:\WINDOWS\System32\OLEAUT32.dll
0x00007ff846390000 - 0x00007ff8463cd000 	C:\WINDOWS\SYSTEM32\dbgcore.DLL
0x00007ff874e70000 - 0x00007ff874f09000 	C:\WINDOWS\System32\bcryptPrimitives.dll
0x00007ff864640000 - 0x00007ff86464f000 	C:\Program Files\Eclipse Adoptium\jdk-21.0.8.9-hotspot\bin\instrument.dll
0x00007ff862ef0000 - 0x00007ff862f0f000 	C:\Program Files\Eclipse Adoptium\jdk-21.0.8.9-hotspot\bin\java.dll
0x00007ff876a90000 - 0x00007ff8771dd000 	C:\WINDOWS\System32\SHELL32.dll
0x00007ff874f10000 - 0x00007ff87507c000 	C:\WINDOWS\System32\wintypes.dll
0x00007ff872700000 - 0x00007ff872f59000 	C:\WINDOWS\SYSTEM32\windows.storage.dll
0x00007ff8763a0000 - 0x00007ff876490000 	C:\WINDOWS\System32\SHCORE.dll
0x00007ff877630000 - 0x00007ff877692000 	C:\WINDOWS\System32\shlwapi.dll
0x00007ff874b10000 - 0x00007ff874b39000 	C:\WINDOWS\SYSTEM32\profapi.dll
0x00007ff82eaf0000 - 0x00007ff82ebc7000 	C:\Program Files\Eclipse Adoptium\jdk-21.0.8.9-hotspot\bin\jsvml.dll
0x00007ff859b90000 - 0x00007ff859ba8000 	C:\Program Files\Eclipse Adoptium\jdk-21.0.8.9-hotspot\bin\zip.dll
0x00007ff862f30000 - 0x00007ff862f40000 	C:\Program Files\Eclipse Adoptium\jdk-21.0.8.9-hotspot\bin\net.dll
0x00007ff86cff0000 - 0x00007ff86d10f000 	C:\WINDOWS\SYSTEM32\WINHTTP.dll
0x00007ff873ef0000 - 0x00007ff873f5b000 	C:\WINDOWS\system32\mswsock.dll
0x00007ff859bb0000 - 0x00007ff859bc6000 	C:\Program Files\Eclipse Adoptium\jdk-21.0.8.9-hotspot\bin\nio.dll
0x00007ff858fc0000 - 0x00007ff858fd0000 	C:\Program Files\Eclipse Adoptium\jdk-21.0.8.9-hotspot\bin\verify.dll
0x00007ff858f90000 - 0x00007ff858fb7000 	D:\Android_SDK_HOME\.gradle\native\1def1411415f61bf3af743bc5b6707747c0891f09f0c88961ee8f79bc544acac\windows-amd64\native-platform.dll
0x0000000062ff0000 - 0x0000000063063000 	D:\Android_SDK_HOME\.gradle\native\0.2.5\x86_64-windows-gnu\gradle-fileevents.dll
0x00007ff862ee0000 - 0x00007ff862eea000 	C:\Program Files\Eclipse Adoptium\jdk-21.0.8.9-hotspot\bin\management.dll
0x00007ff859b80000 - 0x00007ff859b8b000 	C:\Program Files\Eclipse Adoptium\jdk-21.0.8.9-hotspot\bin\management_ext.dll
0x00007ff8776a0000 - 0x00007ff8776a8000 	C:\WINDOWS\System32\PSAPI.DLL
0x00007ff8742c0000 - 0x00007ff8742db000 	C:\WINDOWS\SYSTEM32\CRYPTSP.dll
0x00007ff8738f0000 - 0x00007ff87392b000 	C:\WINDOWS\system32\rsaenh.dll
0x00007ff873f90000 - 0x00007ff873fbb000 	C:\WINDOWS\SYSTEM32\USERENV.dll
0x00007ff874ae0000 - 0x00007ff874b06000 	C:\WINDOWS\SYSTEM32\bcrypt.dll
0x00007ff874120000 - 0x00007ff87412c000 	C:\WINDOWS\SYSTEM32\CRYPTBASE.dll
0x00007ff873390000 - 0x00007ff8733c4000 	C:\WINDOWS\SYSTEM32\IPHLPAPI.DLL
0x00007ff876620000 - 0x00007ff87662a000 	C:\WINDOWS\System32\NSI.dll
0x00007ff8592e0000 - 0x00007ff8592e9000 	C:\Program Files\Eclipse Adoptium\jdk-21.0.8.9-hotspot\bin\extnet.dll
0x00007ff859510000 - 0x00007ff85951e000 	C:\Program Files\Eclipse Adoptium\jdk-21.0.8.9-hotspot\bin\sunmscapi.dll
0x00007ff8755f0000 - 0x00007ff875767000 	C:\WINDOWS\System32\CRYPT32.dll
0x00007ff874410000 - 0x00007ff874440000 	C:\WINDOWS\SYSTEM32\ncrypt.dll
0x00007ff8743c0000 - 0x00007ff8743ff000 	C:\WINDOWS\SYSTEM32\NTASN1.dll
0x00007ff863640000 - 0x00007ff863648000 	C:\WINDOWS\system32\wshunix.dll
0x0000000062f70000 - 0x0000000062fe3000 	C:\Users\Denis\AppData\Local\Temp\native-platform17435259542005192729dir\gradle-fileevents.dll

JVMTI agents:
D:\Android_SDK_HOME\.gradle\wrapper\dists\gradle-8.12-bin\cetblhg4pflnnks72fxwobvgv\gradle-8.12\lib\agents\gradle-instrumentation-agent-8.12.jar path:C:\Program Files\Eclipse Adoptium\jdk-21.0.8.9-hotspot\bin\instrument.dll, loaded, initialized, instrumentlib options:none

dbghelp: loaded successfully - version: 4.0.5 - missing functions: none
symbol engine: initialized successfully - sym options: 0x614 - pdb path: .;C:\Program Files\Eclipse Adoptium\jdk-21.0.8.9-hotspot\bin;C:\WINDOWS\SYSTEM32;C:\WINDOWS\WinSxS\amd64_microsoft.windows.common-controls_6595b64144ccf1df_6.0.26100.5074_none_3e0d6f78e32fd63f;C:\Program Files\Eclipse Adoptium\jdk-21.0.8.9-hotspot\bin\server;D:\Android_SDK_HOME\.gradle\native\1def1411415f61bf3af743bc5b6707747c0891f09f0c88961ee8f79bc544acac\windows-amd64;D:\Android_SDK_HOME\.gradle\native\0.2.5\x86_64-windows-gnu;C:\Users\Denis\AppData\Local\Temp\native-platform17435259542005192729dir

VM Arguments:
jvm_args: --add-opens=java.base/java.lang=ALL-UNNAMED --add-opens=java.base/java.lang.invoke=ALL-UNNAMED --add-opens=java.base/java.util=ALL-UNNAMED --add-opens=java.prefs/java.util.prefs=ALL-UNNAMED --add-exports=jdk.compiler/com.sun.tools.javac.api=ALL-UNNAMED --add-exports=jdk.compiler/com.sun.tools.javac.util=ALL-UNNAMED --add-opens=java.base/java.util=ALL-UNNAMED --add-opens=java.prefs/java.util.prefs=ALL-UNNAMED --add-opens=java.base/java.nio.charset=ALL-UNNAMED --add-opens=java.base/java.net=ALL-UNNAMED --add-opens=java.base/java.util.concurrent.atomic=ALL-UNNAMED --add-opens=java.xml/javax.xml.namespace=ALL-UNNAMED -Xmx3G -Dfile.encoding=UTF-8 -Duser.country=RU -Duser.language=ru -Duser.variant -javaagent:D:\Android_SDK_HOME\.gradle\wrapper\dists\gradle-8.12-bin\cetblhg4pflnnks72fxwobvgv\gradle-8.12\lib\agents\gradle-instrumentation-agent-8.12.jar 
java_command: org.gradle.launcher.daemon.bootstrap.GradleDaemon 8.12
java_class_path (initial): D:\Android_SDK_HOME\.gradle\wrapper\dists\gradle-8.12-bin\cetblhg4pflnnks72fxwobvgv\gradle-8.12\lib\gradle-daemon-main-8.12.jar
Launcher Type: SUN_STANDARD

[Global flags]
     intx CICompilerCount                          = 12                                        {product} {ergonomic}
     uint ConcGCThreads                            = 4                                         {product} {ergonomic}
     uint G1ConcRefinementThreads                  = 15                                        {product} {ergonomic}
   size_t G1HeapRegionSize                         = 2097152                                   {product} {ergonomic}
    uintx GCDrainStackTargetSize                   = 64                                        {product} {ergonomic}
   size_t InitialHeapSize                          = 266338304                                 {product} {ergonomic}
   size_t MarkStackSize                            = 4194304                                   {product} {ergonomic}
   size_t MaxHeapSize                              = 3221225472                                {product} {command line}
   size_t MaxNewSize                               = 1931476992                                {product} {ergonomic}
   size_t MinHeapDeltaBytes                        = 2097152                                   {product} {ergonomic}
   size_t MinHeapSize                              = 8388608                                   {product} {ergonomic}
    uintx NonNMethodCodeHeapSize                   = 7602480                                {pd product} {ergonomic}
    uintx NonProfiledCodeHeapSize                  = 122027880                              {pd product} {ergonomic}
    uintx ProfiledCodeHeapSize                     = 122027880                              {pd product} {ergonomic}
    uintx ReservedCodeCacheSize                    = 251658240                              {pd product} {ergonomic}
     bool SegmentedCodeCache                       = true                                      {product} {ergonomic}
   size_t SoftMaxHeapSize                          = 3221225472                             {manageable} {ergonomic}
     bool UseCompressedOops                        = true                           {product lp64_product} {ergonomic}
     bool UseG1GC                                  = true                                      {product} {ergonomic}
     bool UseLargePagesIndividualAllocation        = false                                  {pd product} {ergonomic}

Logging:
Log output configuration:
 #0: stdout all=warning uptime,level,tags foldmultilines=false
 #1: stderr all=off uptime,level,tags foldmultilines=false

Environment Variables:
JAVA_HOME=C:\Program Files\Eclipse Adoptium\jdk-21.0.8.9-hotspot\
CLASSPATH=D:\minecraft_custom_plugins\CrazyAuctions-main\\gradle\wrapper\gradle-wrapper.jar
PATH=C:\Program Files\Eclipse Adoptium\jdk-21.0.8.9-hotspot\\bin;C:\Windows\system32;C:\Windows;C:\Windows\System32\Wbem;C:\Windows\System32\WindowsPowerShell\v1.0\;C:\Windows\System32\OpenSSH\;C:\Program Files (x86)\NVIDIA Corporation\PhysX\Common;C:\Program Files\Git\cmd;D:\Program Files\nodejs\;C:\ProgramData\chocolatey\bin;C:\WINDOWS\system32;C:\WINDOWS;C:\WINDOWS\System32\Wbem;C:\WINDOWS\System32\WindowsPowerShell\v1.0\;C:\WINDOWS\System32\OpenSSH\;C:\Program Files\NVIDIA Corporation\NVIDIA app\NvDLISR;C:\Program Files\Google\Chrome\Application;C:\Program Files\Docker\Docker\resources\bin;C:\Users\Denis\AppData\Local\Programs\Python\Python311\Scripts\;C:\Users\Denis\AppData\Local\Programs\Python\Python311\;C:\Users\Denis\AppData\Local\Microsoft\WindowsApps;D:\Program Files\JetBrains\PyCharm 2023.1.4\bin;D:\Program Files\JetBrains\WebStorm 2023.1.4\bin;C:\Users\Denis\AppData\Roaming\npm;C:\ffmpeg\bin;C:\adb;C:\WINDOWS\system32;C:\WINDOWS;C:\WINDOWS\System32\Wbem;C:\WINDOWS\System32\WindowsPowerShell\v1.0\;C:\WINDOWS\System32\OpenSSH\;D:\Program Files\Redis\;D:\Program Files\Sunshine;D:\Program Files\Sunshine\tools;D:\Program Files\apache-maven-3.9.11\bin;D:\Program Files\gradle-9.1.0\bin;C:\Program Files\Eclipse Adoptium\jdk-21.0.8.9-hotspot\\bin;C:\Users\Denis\AppData\Local\Programs\Python\Python311\Scripts\;C:\Users\Denis\AppData\Local\Programs\Python\Python311\;C:\Users\Denis\AppData\Local\Microsoft\WindowsApps;D:\Program Files\JetBrains\PyCharm 2023.1.4\bin;;D:\Program Files\JetBrains\WebStorm 2023.1.4\bin;;C:\Users\Denis\AppData\Roaming\npm;C:\ffmpeg\bin;D:\Program Files\apache-maven-3.9.11\bin;D:\Program Files\gradle-9.1.0\bin;
USERNAME=Denis
OS=Windows_NT
PROCESSOR_IDENTIFIER=Intel64 Family 6 Model 154 Stepping 3, GenuineIntel
TMP=C:\Users\Denis\AppData\Local\Temp
TEMP=C:\Users\Denis\AppData\Local\Temp




Periodic native trim disabled

---------------  S Y S T E M  ---------------

OS:
 Windows 11 , 64 bit Build 26100 (10.0.26100.5074)
OS uptime: 15 days 9:05 hours
Hyper-V role detected

CPU: total 20 (initial active 20) (10 cores per cpu, 2 threads per core) family 6 model 154 stepping 3 microcode 0x432, cx8, cmov, fxsr, ht, mmx, 3dnowpref, sse, sse2, sse3, ssse3, sse4.1, sse4.2, popcnt, lzcnt, tsc, tscinvbit, avx, avx2, aes, erms, clmul, bmi1, bmi2, adx, sha, fma, vzeroupper, clflush, clflushopt, clwb, hv, serialize, rdtscp, rdpid, fsrm, f16c, cet_ibt, cet_ss
Processor Information for processor 0
  Max Mhz: 2300, Current Mhz: 2300, Mhz Limit: 2300
Processor Information for processor 1
  Max Mhz: 2300, Current Mhz: 2300, Mhz Limit: 2300
Processor Information for processor 2
  Max Mhz: 2300, Current Mhz: 2300, Mhz Limit: 2300
Processor Information for processor 3
  Max Mhz: 2300, Current Mhz: 2300, Mhz Limit: 2300
Processor Information for processor 4
  Max Mhz: 2300, Current Mhz: 2300, Mhz Limit: 2300
Processor Information for processor 5
  Max Mhz: 2300, Current Mhz: 2300, Mhz Limit: 2300
Processor Information for processor 6
  Max Mhz: 2300, Current Mhz: 2300, Mhz Limit: 2300
Processor Information for processor 7
  Max Mhz: 2300, Current Mhz: 2300, Mhz Limit: 2300
Processor Information for processor 8
  Max Mhz: 2300, Current Mhz: 2300, Mhz Limit: 2300
Processor Information for processor 9
  Max Mhz: 2300, Current Mhz: 2300, Mhz Limit: 2300
Processor Information for processor 10
  Max Mhz: 2300, Current Mhz: 2300, Mhz Limit: 2300
Processor Information for processor 11
  Max Mhz: 2300, Current Mhz: 2300, Mhz Limit: 2300
Processor Information for processor 12
  Max Mhz: 2300, Current Mhz: 1700, Mhz Limit: 1679
Processor Information for processor 13
  Max Mhz: 2300, Current Mhz: 1500, Mhz Limit: 1679
Processor Information for processor 14
  Max Mhz: 2300, Current Mhz: 1700, Mhz Limit: 1679
Processor Information for processor 15
  Max Mhz: 2300, Current Mhz: 1700, Mhz Limit: 1679
Processor Information for processor 16
  Max Mhz: 2300, Current Mhz: 1500, Mhz Limit: 1679
Processor Information for processor 17
  Max Mhz: 2300, Current Mhz: 1700, Mhz Limit: 1679
Processor Information for processor 18
  Max Mhz: 2300, Current Mhz: 1500, Mhz Limit: 1679
Processor Information for processor 19
  Max Mhz: 2300, Current Mhz: 1500, Mhz Limit: 1679

Memory: 4k page, system-wide physical 16176M (616M free)
TotalPageFile size 40752M (AvailPageFile size 11M)
current process WorkingSet (physical memory assigned to process): 186M, peak: 186M
current process commit charge ("private bytes"): 427M, peak: 429M

vm_info: OpenJDK 64-Bit Server VM (21.0.8+9-LTS) for windows-amd64 JRE (21.0.8+9-LTS), built on 2025-07-15T00:00:00Z by "admin" with MS VC++ 17.7 (VS2022)

END.
